{
  "stats": {
    "suites": 2,
    "tests": 10,
    "passes": 10,
    "pending": 0,
    "failures": 0,
    "testsRegistered": 10,
    "passPercent": 100,
    "pendingPercent": 0,
    "other": 0,
    "hasOther": false,
    "skipped": 0,
    "hasSkipped": false,
    "start": "2025-08-22T23:29:43.717Z",
    "end": "2025-08-22T23:48:34.903Z",
    "duration": 1131186
  },
  "results": [
    {
      "uuid": "affd391f-f5dd-4b83-ac37-0a3d6a0d6ae7",
      "title": "",
      "fullFile": "cypress/e2e/amazon.cy.js",
      "file": "cypress/e2e/amazon.cy.js",
      "beforeHooks": [],
      "afterHooks": [],
      "tests": [],
      "suites": [
        {
          "uuid": "a2bce97d-00d1-48f2-9a0e-29121ac8b69d",
          "title": "Amazon Home Page",
          "fullFile": "",
          "file": "",
          "beforeHooks": [],
          "afterHooks": [],
          "tests": [
            {
              "title": "TC01 - Deve exibir sugestoes ao digitar 'iphone'",
              "fullTitle": "Amazon Home Page TC01 - Deve exibir sugestoes ao digitar 'iphone'",
              "timedOut": null,
              "duration": 8058,
              "state": "passed",
              "speed": "medium",
              "pass": true,
              "fail": false,
              "pending": false,
              "context": null,
              "code": "home.search(\"iphone\");\nhome.elements.searchSuggestions().should(\"be.visible\");",
              "err": {},
              "uuid": "754ce7d8-5a91-4cee-b23c-f67fbc55ce55",
              "parentUUID": "a2bce97d-00d1-48f2-9a0e-29121ac8b69d",
              "isHook": false,
              "skipped": false
            },
            {
              "title": "TC02 - Nao deve exibir sugestoes invalidas",
              "fullTitle": "Amazon Home Page TC02 - Nao deve exibir sugestoes invalidas",
              "timedOut": null,
              "duration": 2158,
              "state": "passed",
              "speed": "fast",
              "pass": true,
              "fail": false,
              "pending": false,
              "context": null,
              "code": "home.search(\"@@@\");\nhome.elements.searchSuggestions().should(\"not.exist\");",
              "err": {},
              "uuid": "69ce5558-3c82-4880-bd26-056e6c0e1f61",
              "parentUUID": "a2bce97d-00d1-48f2-9a0e-29121ac8b69d",
              "isHook": false,
              "skipped": false
            },
            {
              "title": "TC03 - Menu deve abrir e exibir categorias",
              "fullTitle": "Amazon Home Page TC03 - Menu deve abrir e exibir categorias",
              "timedOut": null,
              "duration": 1929,
              "state": "passed",
              "speed": "fast",
              "pass": true,
              "fail": false,
              "pending": false,
              "context": null,
              "code": "home.openMenu();\ncy.get(\".hmenu-visible\").should(\"exist\");",
              "err": {},
              "uuid": "eba82187-2acb-4217-9417-67f03195c5ed",
              "parentUUID": "a2bce97d-00d1-48f2-9a0e-29121ac8b69d",
              "isHook": false,
              "skipped": false
            },
            {
              "title": "TC04 - Validar responsividade mobile",
              "fullTitle": "Amazon Home Page TC04 - Validar responsividade mobile",
              "timedOut": null,
              "duration": 3492,
              "state": "passed",
              "speed": "fast",
              "pass": true,
              "fail": false,
              "pending": false,
              "context": null,
              "code": "cy.viewport(\"iphone-x\");\nhome.visit();\nhome.openMenu();\ncy.get(\".hmenu-visible\").should(\"exist\");",
              "err": {},
              "uuid": "de181399-27cf-484d-90d4-35f5e8524ee3",
              "parentUUID": "a2bce97d-00d1-48f2-9a0e-29121ac8b69d",
              "isHook": false,
              "skipped": false
            },
            {
              "title": "TC05 - Pagina deve carregar em menos de 3s",
              "fullTitle": "Amazon Home Page TC05 - Pagina deve carregar em menos de 3s",
              "timedOut": null,
              "duration": 3885,
              "state": "passed",
              "speed": "fast",
              "pass": true,
              "fail": false,
              "pending": false,
              "context": null,
              "code": "const start = Date.now();\nhome.visit();\ncy.window().then(() => {\n  const duration = Date.now() - start;\n  expect(duration).to.be.lessThan(3000);\n});",
              "err": {},
              "uuid": "59058648-c8c5-4a7c-bc78-0654cbd69acc",
              "parentUUID": "a2bce97d-00d1-48f2-9a0e-29121ac8b69d",
              "isHook": false,
              "skipped": false
            }
          ],
          "suites": [],
          "passes": [
            "754ce7d8-5a91-4cee-b23c-f67fbc55ce55",
            "69ce5558-3c82-4880-bd26-056e6c0e1f61",
            "eba82187-2acb-4217-9417-67f03195c5ed",
            "de181399-27cf-484d-90d4-35f5e8524ee3",
            "59058648-c8c5-4a7c-bc78-0654cbd69acc"
          ],
          "failures": [],
          "pending": [],
          "skipped": [],
          "duration": 19522,
          "root": false,
          "rootEmpty": false,
          "_timeout": 2000
        }
      ],
      "passes": [],
      "failures": [],
      "pending": [],
      "skipped": [],
      "duration": 0,
      "root": true,
      "rootEmpty": true,
      "_timeout": 2000
    },
    {
      "uuid": "707cdb51-bc27-46ba-9ee0-5b7b4c48b336",
      "title": "",
      "fullFile": "cypress/e2e/amazon.cy.js",
      "file": "cypress/e2e/amazon.cy.js",
      "beforeHooks": [],
      "afterHooks": [],
      "tests": [],
      "suites": [
        {
          "uuid": "f3d8391b-3818-42a8-b19f-b2b0e348c2d9",
          "title": "Amazon Home Page",
          "fullFile": "",
          "file": "",
          "beforeHooks": [],
          "afterHooks": [],
          "tests": [
            {
              "title": "TC01 - Deve exibir sugestoes ao digitar 'iphone'",
              "fullTitle": "Amazon Home Page TC01 - Deve exibir sugestoes ao digitar 'iphone'",
              "timedOut": null,
              "duration": 13068,
              "state": "passed",
              "speed": "slow",
              "pass": true,
              "fail": false,
              "pending": false,
              "context": null,
              "code": "home.search(\"iphone\");\nhome.elements.searchSuggestions().should(\"be.visible\");",
              "err": {},
              "uuid": "9e2407b4-2e1f-4eb6-b250-bde2542fefe6",
              "parentUUID": "f3d8391b-3818-42a8-b19f-b2b0e348c2d9",
              "isHook": false,
              "skipped": false
            },
            {
              "title": "TC02 - Nao deve exibir sugestoes invalidas",
              "fullTitle": "Amazon Home Page TC02 - Nao deve exibir sugestoes invalidas",
              "timedOut": null,
              "duration": 3227,
              "state": "passed",
              "speed": "fast",
              "pass": true,
              "fail": false,
              "pending": false,
              "context": null,
              "code": "home.search(\"@@@\");\nhome.elements.searchSuggestions().should(\"not.exist\");",
              "err": {},
              "uuid": "a9fd3b8b-83d7-48c1-9050-01674f797179",
              "parentUUID": "f3d8391b-3818-42a8-b19f-b2b0e348c2d9",
              "isHook": false,
              "skipped": false
            },
            {
              "title": "TC03 - Menu deve abrir e exibir categorias",
              "fullTitle": "Amazon Home Page TC03 - Menu deve abrir e exibir categorias",
              "timedOut": null,
              "duration": 1484,
              "state": "passed",
              "speed": "fast",
              "pass": true,
              "fail": false,
              "pending": false,
              "context": null,
              "code": "home.openMenu();\ncy.get(\".hmenu-visible\").should(\"exist\");",
              "err": {},
              "uuid": "db4c1684-86fb-4391-8e5f-279369a37680",
              "parentUUID": "f3d8391b-3818-42a8-b19f-b2b0e348c2d9",
              "isHook": false,
              "skipped": false
            },
            {
              "title": "TC04 - Validar responsividade mobile",
              "fullTitle": "Amazon Home Page TC04 - Validar responsividade mobile",
              "timedOut": null,
              "duration": 3916,
              "state": "passed",
              "speed": "fast",
              "pass": true,
              "fail": false,
              "pending": false,
              "context": null,
              "code": "cy.viewport(\"iphone-x\");\nhome.visit();\nhome.openMenu();\ncy.get(\".hmenu-visible\").should(\"exist\");",
              "err": {},
              "uuid": "998a0124-44d1-4ebc-ab47-af7b78ca64a1",
              "parentUUID": "f3d8391b-3818-42a8-b19f-b2b0e348c2d9",
              "isHook": false,
              "skipped": false
            },
            {
              "title": "TC05 - Pagina deve carregar em menos de 3s",
              "fullTitle": "Amazon Home Page TC05 - Pagina deve carregar em menos de 3s",
              "timedOut": null,
              "duration": 3803,
              "state": "passed",
              "speed": "fast",
              "pass": true,
              "fail": false,
              "pending": false,
              "context": null,
              "code": "const start = Date.now();\nhome.visit();\ncy.window().then(() => {\n  const duration = Date.now() - start;\n  expect(duration).to.be.lessThan(3000);\n});",
              "err": {},
              "uuid": "5aae32ae-2e6a-405d-840e-9f59778cd3b8",
              "parentUUID": "f3d8391b-3818-42a8-b19f-b2b0e348c2d9",
              "isHook": false,
              "skipped": false
            }
          ],
          "suites": [],
          "passes": [
            "9e2407b4-2e1f-4eb6-b250-bde2542fefe6",
            "a9fd3b8b-83d7-48c1-9050-01674f797179",
            "db4c1684-86fb-4391-8e5f-279369a37680",
            "998a0124-44d1-4ebc-ab47-af7b78ca64a1",
            "5aae32ae-2e6a-405d-840e-9f59778cd3b8"
          ],
          "failures": [],
          "pending": [],
          "skipped": [],
          "duration": 25498,
          "root": false,
          "rootEmpty": false,
          "_timeout": 2000
        }
      ],
      "passes": [],
      "failures": [],
      "pending": [],
      "skipped": [],
      "duration": 0,
      "root": true,
      "rootEmpty": true,
      "_timeout": 2000
    }
  ],
  "meta": {
    "mocha": {
      "version": "7.0.1"
    },
    "mochawesome": {
      "options": {
        "quiet": false,
        "reportFilename": "mochawesome",
        "saveHtml": false,
        "saveJson": true,
        "consoleReporter": "spec",
        "useInlineDiffs": false,
        "code": true
      },
      "version": "7.1.3"
    },
    "marge": {
      "options": {
        "reportDir": "cypress/reports",
        "overwrite": false,
        "html": false,
        "json": true
      },
      "version": "6.2.0"
    }
  }
}